{
  "stats": {
    "suites": 1,
    "tests": 1,
    "passes": 1,
    "pending": 0,
    "failures": 0,
    "start": "2023-03-23T19:18:44.413Z",
    "end": "2023-03-23T19:18:46.669Z",
    "duration": 2256,
    "testsRegistered": 1,
    "passPercent": 100,
    "pendingPercent": 0,
    "other": 0,
    "hasOther": false,
    "skipped": 0,
    "hasSkipped": false
  },
  "results": [
    {
      "uuid": "032db19d-ebfc-4d09-950f-d7f5a11efb3f",
      "title": "",
      "fullFile": "cypress\\e2e\\webdriver-uni\\js-alerts.cy.ts",
      "file": "cypress\\e2e\\webdriver-uni\\js-alerts.cy.ts",
      "beforeHooks": [],
      "afterHooks": [],
      "tests": [],
      "suites": [
        {
          "uuid": "a7de3c9b-81fc-4ad5-9677-ed5cceca05c7",
          "title": "Handle js alerts",
          "fullFile": "",
          "file": "",
          "beforeHooks": [],
          "afterHooks": [],
          "tests": [
            {
              "title": "Validate js confirm using a stub",
              "fullTitle": "Handle js alerts Validate js confirm using a stub",
              "timedOut": null,
              "duration": 2220,
              "state": "passed",
              "speed": "fast",
              "pass": true,
              "fail": false,
              "pending": false,
              "context": null,
              "code": "cy.visit('https://www.webdriveruniversity.com');\ncy.get('#popup-alerts').invoke('removeAttr', 'target').click();\nconst stub = cy.stub();\ncy.on('window:confirm', stub);\ncy.get('#button4').click().then(() => {\n    expect(stub.getCall(0)).to.be.calledWith('Press a button!');\n}).then(() => {\n    return true;\n}).then(() => {\n    cy.get('#confirm-alert-text').contains('You pressed OK!');\n});",
              "err": {},
              "uuid": "5878b5b5-6591-42f5-8c84-8d7a1fb39aea",
              "parentUUID": "a7de3c9b-81fc-4ad5-9677-ed5cceca05c7",
              "isHook": false,
              "skipped": false
            }
          ],
          "suites": [],
          "passes": [
            "5878b5b5-6591-42f5-8c84-8d7a1fb39aea"
          ],
          "failures": [],
          "pending": [],
          "skipped": [],
          "duration": 2220,
          "root": false,
          "rootEmpty": false,
          "_timeout": 2000
        }
      ],
      "passes": [],
      "failures": [],
      "pending": [],
      "skipped": [],
      "duration": 0,
      "root": true,
      "rootEmpty": true,
      "_timeout": 2000
    }
  ],
  "meta": {
    "mocha": {
      "version": "7.0.1"
    },
    "mochawesome": {
      "options": {
        "quiet": false,
        "reportFilename": "mochawesome",
        "saveHtml": false,
        "saveJson": true,
        "consoleReporter": "spec",
        "useInlineDiffs": false,
        "code": true
      },
      "version": "7.1.3"
    },
    "marge": {
      "options": {
        "id": "default",
        "reportDir": "cypress/results/mochawesome",
        "quite": true,
        "overwrite": false,
        "html": false,
        "json": true
      },
      "version": "6.2.0"
    }
  }
}