{
  "stats": {
    "suites": 1,
    "tests": 2,
    "passes": 2,
    "pending": 0,
    "failures": 0,
    "start": "2023-03-23T19:18:50.586Z",
    "end": "2023-03-23T19:18:53.870Z",
    "duration": 3284,
    "testsRegistered": 2,
    "passPercent": 100,
    "pendingPercent": 0,
    "other": 0,
    "hasOther": false,
    "skipped": 0,
    "hasSkipped": false
  },
  "results": [
    {
      "uuid": "1c75748b-4198-4506-9527-b9a0cdff95b7",
      "title": "",
      "fullFile": "cypress\\e2e\\webdriver-uni\\radio_button.cy.ts",
      "file": "cypress\\e2e\\webdriver-uni\\radio_button.cy.ts",
      "beforeHooks": [],
      "afterHooks": [],
      "tests": [],
      "suites": [
        {
          "uuid": "e3731573-dfd6-4207-ab02-aba4abd4b605",
          "title": "Verify radiobuttons",
          "fullFile": "",
          "file": "",
          "beforeHooks": [],
          "afterHooks": [],
          "tests": [
            {
              "title": "Check and validate checkboxes",
              "fullTitle": "Verify radiobuttons Check and validate checkboxes",
              "timedOut": null,
              "duration": 2579,
              "state": "passed",
              "speed": "fast",
              "pass": true,
              "fail": false,
              "pending": false,
              "context": null,
              "code": "cy.get('#radio-buttons').find('[value =\"blue\"]').check();\ncy.get('#radio-buttons').find('[type =\"radio\"]').eq(4).check();",
              "err": {},
              "uuid": "b90c5144-2fbc-46d1-934e-b97adbbdcb79",
              "parentUUID": "e3731573-dfd6-4207-ab02-aba4abd4b605",
              "isHook": false,
              "skipped": false
            },
            {
              "title": "Validate specific checkboxes",
              "fullTitle": "Verify radiobuttons Validate specific checkboxes",
              "timedOut": null,
              "duration": 672,
              "state": "passed",
              "speed": "fast",
              "pass": true,
              "fail": false,
              "pending": false,
              "context": null,
              "code": "cy.get('[value=\"lettuce\"]').should('not.be.checked');\ncy.get('[value=\"pumpkin\"]').should('be.checked');\ncy.get('[value=\"cabbage\"]').should('be.disabled');\ncy.get('[value=\"lettuce\"]').check().should('be.checked');\ncy.get('[value=\"pumpkin\"]').should('not.be.checked');",
              "err": {},
              "uuid": "7cb89c6f-69d5-4582-88db-4e4688b85c0c",
              "parentUUID": "e3731573-dfd6-4207-ab02-aba4abd4b605",
              "isHook": false,
              "skipped": false
            }
          ],
          "suites": [],
          "passes": [
            "b90c5144-2fbc-46d1-934e-b97adbbdcb79",
            "7cb89c6f-69d5-4582-88db-4e4688b85c0c"
          ],
          "failures": [],
          "pending": [],
          "skipped": [],
          "duration": 3251,
          "root": false,
          "rootEmpty": false,
          "_timeout": 2000
        }
      ],
      "passes": [],
      "failures": [],
      "pending": [],
      "skipped": [],
      "duration": 0,
      "root": true,
      "rootEmpty": true,
      "_timeout": 2000
    }
  ],
  "meta": {
    "mocha": {
      "version": "7.0.1"
    },
    "mochawesome": {
      "options": {
        "quiet": false,
        "reportFilename": "mochawesome",
        "saveHtml": false,
        "saveJson": true,
        "consoleReporter": "spec",
        "useInlineDiffs": false,
        "code": true
      },
      "version": "7.1.3"
    },
    "marge": {
      "options": {
        "id": "default",
        "reportDir": "cypress/results/mochawesome",
        "quite": true,
        "overwrite": false,
        "html": false,
        "json": true
      },
      "version": "6.2.0"
    }
  }
}