{
  "stats": {
    "suites": 1,
    "tests": 1,
    "passes": 1,
    "pending": 1,
    "failures": -1,
    "start": "2023-03-23T19:17:56.091Z",
    "end": "2023-03-23T19:18:18.133Z",
    "duration": 22042,
    "testsRegistered": 2,
    "passPercent": 100,
    "pendingPercent": 50,
    "other": 1,
    "hasOther": true,
    "skipped": 0,
    "hasSkipped": false
  },
  "results": [
    {
      "uuid": "4a4e72f8-adcb-4d48-8e12-9e8fb5c68c35",
      "title": "",
      "fullFile": "cypress\\e2e\\webdriver-uni\\data.cy.ts",
      "file": "cypress\\e2e\\webdriver-uni\\data.cy.ts",
      "beforeHooks": [],
      "afterHooks": [],
      "tests": [],
      "suites": [
        {
          "uuid": "3fb6c10f-b822-47ca-8cf9-65242b5cce0e",
          "title": "Datapicker",
          "fullFile": "",
          "file": "",
          "beforeHooks": [],
          "afterHooks": [],
          "tests": [
            {
              "title": "Select date from datepicker",
              "fullTitle": "Datapicker Select date from datepicker",
              "timedOut": null,
              "duration": 0,
              "state": "pending",
              "speed": null,
              "pass": false,
              "fail": false,
              "pending": true,
              "context": null,
              "code": "let date = new Date();\ndate.setDate(date.getDate());\n//@ts-ignore\ncy.log(date.getDate());\nlet date2 = new Date();\ndate2.setDate(date.getDate() + 5);\n//@ts-ignore\ncy.log(date2.getDate());",
              "err": {},
              "uuid": "1f039e18-407f-40c6-a019-48ba6c27ebcc",
              "parentUUID": "3fb6c10f-b822-47ca-8cf9-65242b5cce0e",
              "isHook": false,
              "skipped": false
            },
            {
              "title": "Select date from datepicker",
              "fullTitle": "Datapicker Select date from datepicker",
              "timedOut": null,
              "duration": 19399,
              "state": "passed",
              "speed": "slow",
              "pass": true,
              "fail": false,
              "pending": false,
              "context": null,
              "code": "let date = new Date();\ndate.setDate(date.getDate() + 1160);\n//@ts-ignore\ncy.log(date.getDate());\nlet futureYear = date.getFullYear();\nlet futureMonth = date.toLocaleString(\"default\", { month: \"long\" });\nlet futureDay = date.getDate();\ncy.log(`FutureYear: ${futureYear}`);\ncy.log(`FutureMonth: ${futureMonth}`);\ncy.log(`FutureDay: ${futureDay}`);\nfunction selectMonthAndYear() {\n    cy.get('.datepicker-dropdown').find('.datepicker-switch').first().then(currDate => {\n        if (!currDate.text().includes(`${futureYear}`)) {\n            cy.get('.next').first().click();\n            selectMonthAndYear();\n        }\n    }).then(() => {\n        cy.get('.datepicker-dropdown').find('.datepicker-switch').first().then(currDate => {\n            if (!currDate.text().includes(`${futureMonth}`)) {\n                cy.get('.next').first().click();\n                selectMonthAndYear();\n            }\n        });\n    });\n}\nfunction selectFutureDay() {\n    cy.get('[class=\"day\"]').contains(futureDay).click();\n}\nselectMonthAndYear();\nselectFutureDay();",
              "err": {},
              "uuid": "b54e98de-a0a1-4f8f-ae29-bcb16c178231",
              "parentUUID": "3fb6c10f-b822-47ca-8cf9-65242b5cce0e",
              "isHook": false,
              "skipped": false
            }
          ],
          "suites": [],
          "passes": [
            "b54e98de-a0a1-4f8f-ae29-bcb16c178231"
          ],
          "failures": [],
          "pending": [
            "1f039e18-407f-40c6-a019-48ba6c27ebcc"
          ],
          "skipped": [],
          "duration": 19399,
          "root": false,
          "rootEmpty": false,
          "_timeout": 2000
        }
      ],
      "passes": [],
      "failures": [],
      "pending": [],
      "skipped": [],
      "duration": 0,
      "root": true,
      "rootEmpty": true,
      "_timeout": 2000
    }
  ],
  "meta": {
    "mocha": {
      "version": "7.0.1"
    },
    "mochawesome": {
      "options": {
        "quiet": false,
        "reportFilename": "mochawesome",
        "saveHtml": false,
        "saveJson": true,
        "consoleReporter": "spec",
        "useInlineDiffs": false,
        "code": true
      },
      "version": "7.1.3"
    },
    "marge": {
      "options": {
        "id": "default",
        "reportDir": "cypress/results/mochawesome",
        "quite": true,
        "overwrite": false,
        "html": false,
        "json": true
      },
      "version": "6.2.0"
    }
  }
}