{
  "stats": {
    "suites": 1,
    "tests": 1,
    "passes": 1,
    "pending": 0,
    "failures": 0,
    "start": "2023-03-23T19:17:32.341Z",
    "end": "2023-03-23T19:17:39.424Z",
    "duration": 7083,
    "testsRegistered": 1,
    "passPercent": 100,
    "pendingPercent": 0,
    "other": 0,
    "hasOther": false,
    "skipped": 0,
    "hasSkipped": false
  },
  "results": [
    {
      "uuid": "6fe19af8-a803-4933-8f22-d8b92d8f87ec",
      "title": "",
      "fullFile": "cypress\\e2e\\webdriver-uni\\browser_navigation.cy.ts",
      "file": "cypress\\e2e\\webdriver-uni\\browser_navigation.cy.ts",
      "beforeHooks": [],
      "afterHooks": [],
      "tests": [],
      "suites": [
        {
          "uuid": "6bc99997-f1f0-4b81-8250-79190240f88b",
          "title": "Validate homepage links",
          "fullFile": "",
          "file": "",
          "beforeHooks": [],
          "afterHooks": [],
          "tests": [
            {
              "title": "Confirm links redirect to the correct pages",
              "fullTitle": "Validate homepage links Confirm links redirect to the correct pages",
              "timedOut": null,
              "duration": 7005,
              "state": "passed",
              "speed": "medium",
              "pass": true,
              "fail": false,
              "pending": false,
              "context": null,
              "code": "//   cy.visit('https://www.webdriveruniversity.com/Contact-Us/contactus.html')\ncy.visit('https://www.webdriveruniversity.com');\ncy.get('#contact-us').invoke('removeAttr', 'target').click();\n// cy.reload\ncy.reload(true); // without cache\ncy.url().should('include', 'contact');\ncy.url().should('include', 'https://www.webdriveruniversity.com');\ncy.go('back');\ncy.get('#login-portal').invoke('removeAttr', 'target').click();\ncy.url().should('include', 'Login-Portal');\ncy.go('back');\ncy.get('#to-do-list').invoke('removeAttr', 'target').click();\ncy.url().should('include', 'To-Do-List');\ncy.go('back');",
              "err": {},
              "uuid": "a2e60280-9b3e-4010-ad24-152d2f926d8a",
              "parentUUID": "6bc99997-f1f0-4b81-8250-79190240f88b",
              "isHook": false,
              "skipped": false
            }
          ],
          "suites": [],
          "passes": [
            "a2e60280-9b3e-4010-ad24-152d2f926d8a"
          ],
          "failures": [],
          "pending": [],
          "skipped": [],
          "duration": 7005,
          "root": false,
          "rootEmpty": false,
          "_timeout": 2000
        }
      ],
      "passes": [],
      "failures": [],
      "pending": [],
      "skipped": [],
      "duration": 0,
      "root": true,
      "rootEmpty": true,
      "_timeout": 2000
    }
  ],
  "meta": {
    "mocha": {
      "version": "7.0.1"
    },
    "mochawesome": {
      "options": {
        "quiet": false,
        "reportFilename": "mochawesome",
        "saveHtml": false,
        "saveJson": true,
        "consoleReporter": "spec",
        "useInlineDiffs": false,
        "code": true
      },
      "version": "7.1.3"
    },
    "marge": {
      "options": {
        "id": "default",
        "reportDir": "cypress/results/mochawesome",
        "quite": true,
        "overwrite": false,
        "html": false,
        "json": true
      },
      "version": "6.2.0"
    }
  }
}