{
  "stats": {
    "suites": 1,
    "tests": 3,
    "passes": 3,
    "pending": 0,
    "failures": 0,
    "start": "2023-03-23T19:17:43.418Z",
    "end": "2023-03-23T19:17:45.572Z",
    "duration": 2154,
    "testsRegistered": 3,
    "passPercent": 100,
    "pendingPercent": 0,
    "other": 0,
    "hasOther": false,
    "skipped": 0,
    "hasSkipped": false
  },
  "results": [
    {
      "uuid": "3fb466c4-5f4b-4ca3-a1dc-1ee32fcd97e6",
      "title": "",
      "fullFile": "cypress\\e2e\\webdriver-uni\\checkboxes.cy.ts",
      "file": "cypress\\e2e\\webdriver-uni\\checkboxes.cy.ts",
      "beforeHooks": [],
      "afterHooks": [],
      "tests": [],
      "suites": [
        {
          "uuid": "b92c095a-72e8-4d96-9f09-3e345b8b495b",
          "title": "Verify checkboxes",
          "fullFile": "",
          "file": "",
          "beforeHooks": [],
          "afterHooks": [],
          "tests": [
            {
              "title": "Check and validate checkboxes",
              "fullTitle": "Verify checkboxes Check and validate checkboxes",
              "timedOut": null,
              "duration": 1390,
              "state": "passed",
              "speed": "fast",
              "pass": true,
              "fail": false,
              "pending": false,
              "context": null,
              "code": "//   cy.get('[value=\"option-1\"]').check().should('be.checked')\ncy.get('[value=\"option-1\"]').as('option1');\ncy.get('@option1').check().should('be.checked');",
              "err": {},
              "uuid": "ff125d17-30fc-444d-9cb1-39f86c1d0027",
              "parentUUID": "b92c095a-72e8-4d96-9f09-3e345b8b495b",
              "isHook": false,
              "skipped": false
            },
            {
              "title": "Uncheck and validate checkboxes",
              "fullTitle": "Verify checkboxes Uncheck and validate checkboxes",
              "timedOut": null,
              "duration": 334,
              "state": "passed",
              "speed": "fast",
              "pass": true,
              "fail": false,
              "pending": false,
              "context": null,
              "code": "//   cy.get('[value=\"option-1\"]').check().should('be.checked')\ncy.get('[value=\"option-3\"]').as('option3');\ncy.get('@option3').uncheck().should('not.be.checked');",
              "err": {},
              "uuid": "a25333da-c289-47b1-8108-ca2e5718d749",
              "parentUUID": "b92c095a-72e8-4d96-9f09-3e345b8b495b",
              "isHook": false,
              "skipped": false
            },
            {
              "title": "Check and validate multiple checkboxes",
              "fullTitle": "Verify checkboxes Check and validate multiple checkboxes",
              "timedOut": null,
              "duration": 377,
              "state": "passed",
              "speed": "fast",
              "pass": true,
              "fail": false,
              "pending": false,
              "context": null,
              "code": "cy.get('input[type=\"checkbox\"]').check(['option-2', 'option-4']).should('be.checked');",
              "err": {},
              "uuid": "6da79646-5f1a-4ac8-a554-f281d56e61f1",
              "parentUUID": "b92c095a-72e8-4d96-9f09-3e345b8b495b",
              "isHook": false,
              "skipped": false
            }
          ],
          "suites": [],
          "passes": [
            "ff125d17-30fc-444d-9cb1-39f86c1d0027",
            "a25333da-c289-47b1-8108-ca2e5718d749",
            "6da79646-5f1a-4ac8-a554-f281d56e61f1"
          ],
          "failures": [],
          "pending": [],
          "skipped": [],
          "duration": 2101,
          "root": false,
          "rootEmpty": false,
          "_timeout": 2000
        }
      ],
      "passes": [],
      "failures": [],
      "pending": [],
      "skipped": [],
      "duration": 0,
      "root": true,
      "rootEmpty": true,
      "_timeout": 2000
    }
  ],
  "meta": {
    "mocha": {
      "version": "7.0.1"
    },
    "mochawesome": {
      "options": {
        "quiet": false,
        "reportFilename": "mochawesome",
        "saveHtml": false,
        "saveJson": true,
        "consoleReporter": "spec",
        "useInlineDiffs": false,
        "code": true
      },
      "version": "7.1.3"
    },
    "marge": {
      "options": {
        "id": "default",
        "reportDir": "cypress/results/mochawesome",
        "quite": true,
        "overwrite": false,
        "html": false,
        "json": true
      },
      "version": "6.2.0"
    }
  }
}