<?xml version="1.0" encoding="UTF-8"?>
<testsuites name="Mocha Tests" time="2.048" tests="1" failures="0">
  <testsuite name="Root Suite" timestamp="2023-03-23T18:48:31" tests="0" file="cypress\e2e\webdriver-uni\js-alerts.cy.ts" time="0.000" failures="0">
  </testsuite>
  <testsuite name="Handle js alerts" timestamp="2023-03-23T18:48:31" tests="1" time="2.010" failures="0">
    <testcase name="Handle js alerts Validate js confirm using a stub" time="1.981" classname="Validate js confirm using a stub">
    </testcase>
  </testsuite>
</testsuites>