<?xml version="1.0" encoding="UTF-8"?>
<testsuites name="Mocha Tests" time="3.880" tests="1" failures="0">
  <testsuite name="Root Suite" timestamp="2023-03-23T18:48:43" tests="0" file="cypress\e2e\webdriver-uni\traversing-elements.cy.ts" time="0.000" failures="0">
  </testsuite>
  <testsuite name="Traversing DOM elements in Cypress" timestamp="2023-03-23T18:48:43" tests="1" time="3.842" failures="0">
    <testcase name="Traversing DOM elements in Cypress siblings() To get all sibling DOM elements of elements" time="1.892" classname="siblings() To get all sibling DOM elements of elements">
    </testcase>
  </testsuite>
</testsuites>