<?xml version="1.0" encoding="UTF-8"?>
<testsuites name="Mocha Tests" time="2.625" tests="1" failures="0">
  <testsuite name="Root Suite" timestamp="2023-03-23T18:47:15" tests="0" file="cypress\e2e\webdriver-uni\autocomplete.cy.ts" time="0.000" failures="0">
  </testsuite>
  <testsuite name="Autocomplete" timestamp="2023-03-23T18:47:15" tests="1" time="2.594" failures="0">
    <testcase name="Autocomplete Select specific product via autocomplete" time="2.586" classname="Select specific product via autocomplete">
    </testcase>
  </testsuite>
</testsuites>